Warning[205] J:\KICAD_LEARN\CODE\SIG_GEN\MPLAB PROJECT\SIG_GEN.ASM 9 : Found directive in column 1. (__config)
Warning[205] J:\KICAD_LEARN\CODE\SIG_GEN\MPLAB PROJECT\SIG_GEN.ASM 16 : Found directive in column 1. (org)
Warning[203] J:\KICAD_LEARN\CODE\SIG_GEN\MPLAB PROJECT\SIG_GEN.ASM 44 : Found opcode in column 1. (movlw)
Warning[203] J:\KICAD_LEARN\CODE\SIG_GEN\MPLAB PROJECT\SIG_GEN.ASM 45 : Found opcode in column 1. (movwf)
Warning[203] J:\KICAD_LEARN\CODE\SIG_GEN\MPLAB PROJECT\SIG_GEN.ASM 58 : Found opcode in column 1. (bsf)
Warning[203] J:\KICAD_LEARN\CODE\SIG_GEN\MPLAB PROJECT\SIG_GEN.ASM 60 : Found opcode in column 1. (bcf)
Message[302] J:\KICAD_LEARN\CODE\SIG_GEN\MPLAB PROJECT\SIG_GEN.ASM 60 : Register in operand not in bank 0.  Ensure that bank bits are correct.
Warning[203] J:\KICAD_LEARN\CODE\SIG_GEN\MPLAB PROJECT\SIG_GEN.ASM 61 : Found opcode in column 1. (bsf)
Message[302] J:\KICAD_LEARN\CODE\SIG_GEN\MPLAB PROJECT\SIG_GEN.ASM 61 : Register in operand not in bank 0.  Ensure that bank bits are correct.
Warning[203] J:\KICAD_LEARN\CODE\SIG_GEN\MPLAB PROJECT\SIG_GEN.ASM 62 : Found opcode in column 1. (bsf)
Message[302] J:\KICAD_LEARN\CODE\SIG_GEN\MPLAB PROJECT\SIG_GEN.ASM 62 : Register in operand not in bank 0.  Ensure that bank bits are correct.
Warning[203] J:\KICAD_LEARN\CODE\SIG_GEN\MPLAB PROJECT\SIG_GEN.ASM 63 : Found opcode in column 1. (bsf)
Message[302] J:\KICAD_LEARN\CODE\SIG_GEN\MPLAB PROJECT\SIG_GEN.ASM 63 : Register in operand not in bank 0.  Ensure that bank bits are correct.
Warning[203] J:\KICAD_LEARN\CODE\SIG_GEN\MPLAB PROJECT\SIG_GEN.ASM 64 : Found opcode in column 1. (bsf)
Message[302] J:\KICAD_LEARN\CODE\SIG_GEN\MPLAB PROJECT\SIG_GEN.ASM 64 : Register in operand not in bank 0.  Ensure that bank bits are correct.
Warning[203] J:\KICAD_LEARN\CODE\SIG_GEN\MPLAB PROJECT\SIG_GEN.ASM 66 : Found opcode in column 1. (clrf)
Message[302] J:\KICAD_LEARN\CODE\SIG_GEN\MPLAB PROJECT\SIG_GEN.ASM 66 : Register in operand not in bank 0.  Ensure that bank bits are correct.
Warning[203] J:\KICAD_LEARN\CODE\SIG_GEN\MPLAB PROJECT\SIG_GEN.ASM 67 : Found opcode in column 1. (movlw)
Warning[209] J:\KICAD_LEARN\CODE\SIG_GEN\MPLAB PROJECT\SIG_GEN.ASM 67 : Missing quote
Warning[203] J:\KICAD_LEARN\CODE\SIG_GEN\MPLAB PROJECT\SIG_GEN.ASM 68 : Found opcode in column 1. (movwf)
Message[302] J:\KICAD_LEARN\CODE\SIG_GEN\MPLAB PROJECT\SIG_GEN.ASM 68 : Register in operand not in bank 0.  Ensure that bank bits are correct.
Warning[203] J:\KICAD_LEARN\CODE\SIG_GEN\MPLAB PROJECT\SIG_GEN.ASM 69 : Found opcode in column 1. (bcf)
Warning[203] J:\KICAD_LEARN\CODE\SIG_GEN\MPLAB PROJECT\SIG_GEN.ASM 71 : Found opcode in column 1. (clrf)
Warning[203] J:\KICAD_LEARN\CODE\SIG_GEN\MPLAB PROJECT\SIG_GEN.ASM 72 : Found opcode in column 1. (movlw)
Warning[203] J:\KICAD_LEARN\CODE\SIG_GEN\MPLAB PROJECT\SIG_GEN.ASM 73 : Found opcode in column 1. (movwf)
Warning[203] J:\KICAD_LEARN\CODE\SIG_GEN\MPLAB PROJECT\SIG_GEN.ASM 76 : Found opcode in column 1. (call)
Warning[203] J:\KICAD_LEARN\CODE\SIG_GEN\MPLAB PROJECT\SIG_GEN.ASM 80 : Found opcode in column 1. (bsf)
Warning[203] J:\KICAD_LEARN\CODE\SIG_GEN\MPLAB PROJECT\SIG_GEN.ASM 81 : Found opcode in column 1. (movlw)
Warning[203] J:\KICAD_LEARN\CODE\SIG_GEN\MPLAB PROJECT\SIG_GEN.ASM 82 : Found opcode in column 1. (movwf)
Message[302] J:\KICAD_LEARN\CODE\SIG_GEN\MPLAB PROJECT\SIG_GEN.ASM 82 : Register in operand not in bank 0.  Ensure that bank bits are correct.
Warning[203] J:\KICAD_LEARN\CODE\SIG_GEN\MPLAB PROJECT\SIG_GEN.ASM 83 : Found opcode in column 1. (bsf)
Message[302] J:\KICAD_LEARN\CODE\SIG_GEN\MPLAB PROJECT\SIG_GEN.ASM 83 : Register in operand not in bank 0.  Ensure that bank bits are correct.
Warning[204] J:\KICAD_LEARN\CODE\SIG_GEN\MPLAB PROJECT\SIG_GEN.ASM 84 : Found pseudo-op in column 1. (movfw)
Message[302] J:\KICAD_LEARN\CODE\SIG_GEN\MPLAB PROJECT\SIG_GEN.ASM 84 : Register in operand not in bank 0.  Ensure that bank bits are correct.
Warning[203] J:\KICAD_LEARN\CODE\SIG_GEN\MPLAB PROJECT\SIG_GEN.ASM 85 : Found opcode in column 1. (bcf)
Warning[203] J:\KICAD_LEARN\CODE\SIG_GEN\MPLAB PROJECT\SIG_GEN.ASM 86 : Found opcode in column 1. (movwf)
Warning[204] J:\KICAD_LEARN\CODE\SIG_GEN\MPLAB PROJECT\SIG_GEN.ASM 87 : Found pseudo-op in column 1. (movfw)
Warning[203] J:\KICAD_LEARN\CODE\SIG_GEN\MPLAB PROJECT\SIG_GEN.ASM 88 : Found opcode in column 1. (movwf)
Warning[203] J:\KICAD_LEARN\CODE\SIG_GEN\MPLAB PROJECT\SIG_GEN.ASM 91 : Found opcode in column 1. (bsf)
Warning[203] J:\KICAD_LEARN\CODE\SIG_GEN\MPLAB PROJECT\SIG_GEN.ASM 92 : Found opcode in column 1. (movlw)
Warning[203] J:\KICAD_LEARN\CODE\SIG_GEN\MPLAB PROJECT\SIG_GEN.ASM 93 : Found opcode in column 1. (movwf)
Message[302] J:\KICAD_LEARN\CODE\SIG_GEN\MPLAB PROJECT\SIG_GEN.ASM 93 : Register in operand not in bank 0.  Ensure that bank bits are correct.
Warning[203] J:\KICAD_LEARN\CODE\SIG_GEN\MPLAB PROJECT\SIG_GEN.ASM 94 : Found opcode in column 1. (bsf)
Message[302] J:\KICAD_LEARN\CODE\SIG_GEN\MPLAB PROJECT\SIG_GEN.ASM 94 : Register in operand not in bank 0.  Ensure that bank bits are correct.
Warning[204] J:\KICAD_LEARN\CODE\SIG_GEN\MPLAB PROJECT\SIG_GEN.ASM 95 : Found pseudo-op in column 1. (movfw)
Message[302] J:\KICAD_LEARN\CODE\SIG_GEN\MPLAB PROJECT\SIG_GEN.ASM 95 : Register in operand not in bank 0.  Ensure that bank bits are correct.
Warning[203] J:\KICAD_LEARN\CODE\SIG_GEN\MPLAB PROJECT\SIG_GEN.ASM 96 : Found opcode in column 1. (bcf)
Warning[203] J:\KICAD_LEARN\CODE\SIG_GEN\MPLAB PROJECT\SIG_GEN.ASM 97 : Found opcode in column 1. (movwf)
Warning[203] J:\KICAD_LEARN\CODE\SIG_GEN\MPLAB PROJECT\SIG_GEN.ASM 98 : Found opcode in column 1. (btfsc)
Warning[203] J:\KICAD_LEARN\CODE\SIG_GEN\MPLAB PROJECT\SIG_GEN.ASM 99 : Found opcode in column 1. (call)
Warning[203] J:\KICAD_LEARN\CODE\SIG_GEN\MPLAB PROJECT\SIG_GEN.ASM 100 : Found opcode in column 1. (btfsc)
Warning[203] J:\KICAD_LEARN\CODE\SIG_GEN\MPLAB PROJECT\SIG_GEN.ASM 101 : Found opcode in column 1. (call)
Warning[203] J:\KICAD_LEARN\CODE\SIG_GEN\MPLAB PROJECT\SIG_GEN.ASM 102 : Found opcode in column 1. (btfsc)
Warning[203] J:\KICAD_LEARN\CODE\SIG_GEN\MPLAB PROJECT\SIG_GEN.ASM 103 : Found opcode in column 1. (call)
Warning[204] J:\KICAD_LEARN\CODE\SIG_GEN\MPLAB PROJECT\SIG_GEN.ASM 106 : Found pseudo-op in column 1. (movfw)
Warning[203] J:\KICAD_LEARN\CODE\SIG_GEN\MPLAB PROJECT\SIG_GEN.ASM 107 : Found opcode in column 1. (movwf)
Warning[203] J:\KICAD_LEARN\CODE\SIG_GEN\MPLAB PROJECT\SIG_GEN.ASM 111 : Found opcode in column 1. (bsf)
Warning[203] J:\KICAD_LEARN\CODE\SIG_GEN\MPLAB PROJECT\SIG_GEN.ASM 112 : Found opcode in column 1. (movlw)
Warning[203] J:\KICAD_LEARN\CODE\SIG_GEN\MPLAB PROJECT\SIG_GEN.ASM 113 : Found opcode in column 1. (movwf)
Message[302] J:\KICAD_LEARN\CODE\SIG_GEN\MPLAB PROJECT\SIG_GEN.ASM 113 : Register in operand not in bank 0.  Ensure that bank bits are correct.
Warning[203] J:\KICAD_LEARN\CODE\SIG_GEN\MPLAB PROJECT\SIG_GEN.ASM 114 : Found opcode in column 1. (bsf)
Message[302] J:\KICAD_LEARN\CODE\SIG_GEN\MPLAB PROJECT\SIG_GEN.ASM 114 : Register in operand not in bank 0.  Ensure that bank bits are correct.
Warning[204] J:\KICAD_LEARN\CODE\SIG_GEN\MPLAB PROJECT\SIG_GEN.ASM 115 : Found pseudo-op in column 1. (movfw)
Message[302] J:\KICAD_LEARN\CODE\SIG_GEN\MPLAB PROJECT\SIG_GEN.ASM 115 : Register in operand not in bank 0.  Ensure that bank bits are correct.
Warning[203] J:\KICAD_LEARN\CODE\SIG_GEN\MPLAB PROJECT\SIG_GEN.ASM 116 : Found opcode in column 1. (movwf)
Message[302] J:\KICAD_LEARN\CODE\SIG_GEN\MPLAB PROJECT\SIG_GEN.ASM 116 : Register in operand not in bank 0.  Ensure that bank bits are correct.
Warning[203] J:\KICAD_LEARN\CODE\SIG_GEN\MPLAB PROJECT\SIG_GEN.ASM 117 : Found opcode in column 1. (bcf)
Warning[203] J:\KICAD_LEARN\CODE\SIG_GEN\MPLAB PROJECT\SIG_GEN.ASM 119 : Found opcode in column 1. (bsf)
Warning[203] J:\KICAD_LEARN\CODE\SIG_GEN\MPLAB PROJECT\SIG_GEN.ASM 120 : Found opcode in column 1. (movlw)
Warning[203] J:\KICAD_LEARN\CODE\SIG_GEN\MPLAB PROJECT\SIG_GEN.ASM 121 : Found opcode in column 1. (movwf)
Message[302] J:\KICAD_LEARN\CODE\SIG_GEN\MPLAB PROJECT\SIG_GEN.ASM 121 : Register in operand not in bank 0.  Ensure that bank bits are correct.
Warning[203] J:\KICAD_LEARN\CODE\SIG_GEN\MPLAB PROJECT\SIG_GEN.ASM 122 : Found opcode in column 1. (bsf)
Message[302] J:\KICAD_LEARN\CODE\SIG_GEN\MPLAB PROJECT\SIG_GEN.ASM 122 : Register in operand not in bank 0.  Ensure that bank bits are correct.
Warning[204] J:\KICAD_LEARN\CODE\SIG_GEN\MPLAB PROJECT\SIG_GEN.ASM 123 : Found pseudo-op in column 1. (movfw)
Message[302] J:\KICAD_LEARN\CODE\SIG_GEN\MPLAB PROJECT\SIG_GEN.ASM 123 : Register in operand not in bank 0.  Ensure that bank bits are correct.
Warning[203] J:\KICAD_LEARN\CODE\SIG_GEN\MPLAB PROJECT\SIG_GEN.ASM 124 : Found opcode in column 1. (bcf)
Warning[203] J:\KICAD_LEARN\CODE\SIG_GEN\MPLAB PROJECT\SIG_GEN.ASM 125 : Found opcode in column 1. (movwf)
Warning[203] J:\KICAD_LEARN\CODE\SIG_GEN\MPLAB PROJECT\SIG_GEN.ASM 137 : Found opcode in column 1. (movlw)
Warning[203] J:\KICAD_LEARN\CODE\SIG_GEN\MPLAB PROJECT\SIG_GEN.ASM 138 : Found opcode in column 1. (call)
Warning[203] J:\KICAD_LEARN\CODE\SIG_GEN\MPLAB PROJECT\SIG_GEN.ASM 139 : Found opcode in column 1. (movlw)
Warning[203] J:\KICAD_LEARN\CODE\SIG_GEN\MPLAB PROJECT\SIG_GEN.ASM 140 : Found opcode in column 1. (movwf)
Warning[204] J:\KICAD_LEARN\CODE\SIG_GEN\MPLAB PROJECT\SIG_GEN.ASM 141 : Found pseudo-op in column 1. (movfw)
Warning[203] J:\KICAD_LEARN\CODE\SIG_GEN\MPLAB PROJECT\SIG_GEN.ASM 142 : Found opcode in column 1. (call)
Warning[203] J:\KICAD_LEARN\CODE\SIG_GEN\MPLAB PROJECT\SIG_GEN.ASM 143 : Found opcode in column 1. (call)
Warning[203] J:\KICAD_LEARN\CODE\SIG_GEN\MPLAB PROJECT\SIG_GEN.ASM 148 : Found opcode in column 1. (movlw)
Warning[203] J:\KICAD_LEARN\CODE\SIG_GEN\MPLAB PROJECT\SIG_GEN.ASM 149 : Found opcode in column 1. (call)
Warning[203] J:\KICAD_LEARN\CODE\SIG_GEN\MPLAB PROJECT\SIG_GEN.ASM 150 : Found opcode in column 1. (movlw)
Warning[203] J:\KICAD_LEARN\CODE\SIG_GEN\MPLAB PROJECT\SIG_GEN.ASM 151 : Found opcode in column 1. (movwf)
Warning[204] J:\KICAD_LEARN\CODE\SIG_GEN\MPLAB PROJECT\SIG_GEN.ASM 152 : Found pseudo-op in column 1. (movfw)
Warning[203] J:\KICAD_LEARN\CODE\SIG_GEN\MPLAB PROJECT\SIG_GEN.ASM 153 : Found opcode in column 1. (call)
Warning[203] J:\KICAD_LEARN\CODE\SIG_GEN\MPLAB PROJECT\SIG_GEN.ASM 154 : Found opcode in column 1. (call)
Warning[204] J:\KICAD_LEARN\CODE\SIG_GEN\MPLAB PROJECT\SIG_GEN.ASM 160 : Found pseudo-op in column 1. (movfw)
Warning[203] J:\KICAD_LEARN\CODE\SIG_GEN\MPLAB PROJECT\SIG_GEN.ASM 161 : Found opcode in column 1. (movwf)
Warning[203] J:\KICAD_LEARN\CODE\SIG_GEN\MPLAB PROJECT\SIG_GEN.ASM 162 : Found opcode in column 1. (call)
Warning[203] J:\KICAD_LEARN\CODE\SIG_GEN\MPLAB PROJECT\SIG_GEN.ASM 169 : Found opcode in column 1. (movlw)
Warning[203] J:\KICAD_LEARN\CODE\SIG_GEN\MPLAB PROJECT\SIG_GEN.ASM 170 : Found opcode in column 1. (call)
Warning[203] J:\KICAD_LEARN\CODE\SIG_GEN\MPLAB PROJECT\SIG_GEN.ASM 171 : Found opcode in column 1. (movlw)
Warning[203] J:\KICAD_LEARN\CODE\SIG_GEN\MPLAB PROJECT\SIG_GEN.ASM 172 : Found opcode in column 1. (call)
Warning[203] J:\KICAD_LEARN\CODE\SIG_GEN\MPLAB PROJECT\SIG_GEN.ASM 175 : Found opcode in column 1. (movlw)
Warning[203] J:\KICAD_LEARN\CODE\SIG_GEN\MPLAB PROJECT\SIG_GEN.ASM 176 : Found opcode in column 1. (call)
Warning[203] J:\KICAD_LEARN\CODE\SIG_GEN\MPLAB PROJECT\SIG_GEN.ASM 177 : Found opcode in column 1. (movlw)
Warning[203] J:\KICAD_LEARN\CODE\SIG_GEN\MPLAB PROJECT\SIG_GEN.ASM 178 : Found opcode in column 1. (call)
Warning[203] J:\KICAD_LEARN\CODE\SIG_GEN\MPLAB PROJECT\SIG_GEN.ASM 181 : Found opcode in column 1. (movlw)
Warning[203] J:\KICAD_LEARN\CODE\SIG_GEN\MPLAB PROJECT\SIG_GEN.ASM 182 : Found opcode in column 1. (call)
Warning[203] J:\KICAD_LEARN\CODE\SIG_GEN\MPLAB PROJECT\SIG_GEN.ASM 183 : Found opcode in column 1. (movlw)
Warning[203] J:\KICAD_LEARN\CODE\SIG_GEN\MPLAB PROJECT\SIG_GEN.ASM 184 : Found opcode in column 1. (call)
Warning[203] J:\KICAD_LEARN\CODE\SIG_GEN\MPLAB PROJECT\SIG_GEN.ASM 185 : Found opcode in column 1. (movlw)
Warning[203] J:\KICAD_LEARN\CODE\SIG_GEN\MPLAB PROJECT\SIG_GEN.ASM 186 : Found opcode in column 1. (call)
Warning[203] J:\KICAD_LEARN\CODE\SIG_GEN\MPLAB PROJECT\SIG_GEN.ASM 187 : Found opcode in column 1. (movlw)
Warning[203] J:\KICAD_LEARN\CODE\SIG_GEN\MPLAB PROJECT\SIG_GEN.ASM 188 : Found opcode in column 1. (call)
Warning[203] J:\KICAD_LEARN\CODE\SIG_GEN\MPLAB PROJECT\SIG_GEN.ASM 191 : Found opcode in column 1. (movlw)
Warning[203] J:\KICAD_LEARN\CODE\SIG_GEN\MPLAB PROJECT\SIG_GEN.ASM 192 : Found opcode in column 1. (call)
Warning[203] J:\KICAD_LEARN\CODE\SIG_GEN\MPLAB PROJECT\SIG_GEN.ASM 193 : Found opcode in column 1. (movlw)
Warning[203] J:\KICAD_LEARN\CODE\SIG_GEN\MPLAB PROJECT\SIG_GEN.ASM 194 : Found opcode in column 1. (call)
Warning[203] J:\KICAD_LEARN\CODE\SIG_GEN\MPLAB PROJECT\SIG_GEN.ASM 195 : Found opcode in column 1. (movlw)
Warning[203] J:\KICAD_LEARN\CODE\SIG_GEN\MPLAB PROJECT\SIG_GEN.ASM 196 : Found opcode in column 1. (call)
Warning[203] J:\KICAD_LEARN\CODE\SIG_GEN\MPLAB PROJECT\SIG_GEN.ASM 197 : Found opcode in column 1. (movlw)
Warning[203] J:\KICAD_LEARN\CODE\SIG_GEN\MPLAB PROJECT\SIG_GEN.ASM 198 : Found opcode in column 1. (call)
Warning[203] J:\KICAD_LEARN\CODE\SIG_GEN\MPLAB PROJECT\SIG_GEN.ASM 201 : Found opcode in column 1. (movlw)
Warning[203] J:\KICAD_LEARN\CODE\SIG_GEN\MPLAB PROJECT\SIG_GEN.ASM 202 : Found opcode in column 1. (call)
Warning[203] J:\KICAD_LEARN\CODE\SIG_GEN\MPLAB PROJECT\SIG_GEN.ASM 203 : Found opcode in column 1. (movlw)
Warning[203] J:\KICAD_LEARN\CODE\SIG_GEN\MPLAB PROJECT\SIG_GEN.ASM 204 : Found opcode in column 1. (call)
Warning[203] J:\KICAD_LEARN\CODE\SIG_GEN\MPLAB PROJECT\SIG_GEN.ASM 205 : Found opcode in column 1. (movlw)
Warning[203] J:\KICAD_LEARN\CODE\SIG_GEN\MPLAB PROJECT\SIG_GEN.ASM 206 : Found opcode in column 1. (call)
Warning[203] J:\KICAD_LEARN\CODE\SIG_GEN\MPLAB PROJECT\SIG_GEN.ASM 207 : Found opcode in column 1. (movlw)
Warning[203] J:\KICAD_LEARN\CODE\SIG_GEN\MPLAB PROJECT\SIG_GEN.ASM 208 : Found opcode in column 1. (call)
Warning[203] J:\KICAD_LEARN\CODE\SIG_GEN\MPLAB PROJECT\SIG_GEN.ASM 211 : Found opcode in column 1. (movlw)
Warning[203] J:\KICAD_LEARN\CODE\SIG_GEN\MPLAB PROJECT\SIG_GEN.ASM 212 : Found opcode in column 1. (call)
Warning[203] J:\KICAD_LEARN\CODE\SIG_GEN\MPLAB PROJECT\SIG_GEN.ASM 213 : Found opcode in column 1. (movlw)
Warning[203] J:\KICAD_LEARN\CODE\SIG_GEN\MPLAB PROJECT\SIG_GEN.ASM 214 : Found opcode in column 1. (call)
Warning[203] J:\KICAD_LEARN\CODE\SIG_GEN\MPLAB PROJECT\SIG_GEN.ASM 217 : Found opcode in column 1. (movlw)
Warning[203] J:\KICAD_LEARN\CODE\SIG_GEN\MPLAB PROJECT\SIG_GEN.ASM 218 : Found opcode in column 1. (call)
Warning[203] J:\KICAD_LEARN\CODE\SIG_GEN\MPLAB PROJECT\SIG_GEN.ASM 219 : Found opcode in column 1. (movlw)
Warning[203] J:\KICAD_LEARN\CODE\SIG_GEN\MPLAB PROJECT\SIG_GEN.ASM 220 : Found opcode in column 1. (call)
Warning[203] J:\KICAD_LEARN\CODE\SIG_GEN\MPLAB PROJECT\SIG_GEN.ASM 221 : Found opcode in column 1. (movlw)
Warning[203] J:\KICAD_LEARN\CODE\SIG_GEN\MPLAB PROJECT\SIG_GEN.ASM 222 : Found opcode in column 1. (call)
Warning[203] J:\KICAD_LEARN\CODE\SIG_GEN\MPLAB PROJECT\SIG_GEN.ASM 223 : Found opcode in column 1. (movlw)
Warning[203] J:\KICAD_LEARN\CODE\SIG_GEN\MPLAB PROJECT\SIG_GEN.ASM 224 : Found opcode in column 1. (call)
Warning[203] J:\KICAD_LEARN\CODE\SIG_GEN\MPLAB PROJECT\SIG_GEN.ASM 225 : Found opcode in column 1. (movlw)
Warning[203] J:\KICAD_LEARN\CODE\SIG_GEN\MPLAB PROJECT\SIG_GEN.ASM 226 : Found opcode in column 1. (call)
Warning[203] J:\KICAD_LEARN\CODE\SIG_GEN\MPLAB PROJECT\SIG_GEN.ASM 227 : Found opcode in column 1. (movlw)
Warning[203] J:\KICAD_LEARN\CODE\SIG_GEN\MPLAB PROJECT\SIG_GEN.ASM 228 : Found opcode in column 1. (call)
Warning[203] J:\KICAD_LEARN\CODE\SIG_GEN\MPLAB PROJECT\SIG_GEN.ASM 232 : Found opcode in column 1. (movlw)
Warning[203] J:\KICAD_LEARN\CODE\SIG_GEN\MPLAB PROJECT\SIG_GEN.ASM 233 : Found opcode in column 1. (call)
Warning[203] J:\KICAD_LEARN\CODE\SIG_GEN\MPLAB PROJECT\SIG_GEN.ASM 234 : Found opcode in column 1. (movlw)
Warning[203] J:\KICAD_LEARN\CODE\SIG_GEN\MPLAB PROJECT\SIG_GEN.ASM 235 : Found opcode in column 1. (call)
Warning[203] J:\KICAD_LEARN\CODE\SIG_GEN\MPLAB PROJECT\SIG_GEN.ASM 236 : Found opcode in column 1. (movlw)
Warning[203] J:\KICAD_LEARN\CODE\SIG_GEN\MPLAB PROJECT\SIG_GEN.ASM 237 : Found opcode in column 1. (call)
Warning[203] J:\KICAD_LEARN\CODE\SIG_GEN\MPLAB PROJECT\SIG_GEN.ASM 238 : Found opcode in column 1. (movlw)
Warning[203] J:\KICAD_LEARN\CODE\SIG_GEN\MPLAB PROJECT\SIG_GEN.ASM 239 : Found opcode in column 1. (call)
Warning[203] J:\KICAD_LEARN\CODE\SIG_GEN\MPLAB PROJECT\SIG_GEN.ASM 240 : Found opcode in column 1. (movlw)
Warning[203] J:\KICAD_LEARN\CODE\SIG_GEN\MPLAB PROJECT\SIG_GEN.ASM 241 : Found opcode in column 1. (call)
Warning[203] J:\KICAD_LEARN\CODE\SIG_GEN\MPLAB PROJECT\SIG_GEN.ASM 242 : Found opcode in column 1. (movlw)
Warning[203] J:\KICAD_LEARN\CODE\SIG_GEN\MPLAB PROJECT\SIG_GEN.ASM 243 : Found opcode in column 1. (call)
Warning[203] J:\KICAD_LEARN\CODE\SIG_GEN\MPLAB PROJECT\SIG_GEN.ASM 261 : Found opcode in column 1. (goto)
Warning[207] J:\KICAD_LEARN\CODE\SIG_GEN\MPLAB PROJECT\SIG_GEN.ASM 274 : Found label after column 1. (chkm1)
Warning[207] J:\KICAD_LEARN\CODE\SIG_GEN\MPLAB PROJECT\SIG_GEN.ASM 278 : Found label after column 1. (chkm2)
Warning[203] J:\KICAD_LEARN\CODE\SIG_GEN\MPLAB PROJECT\SIG_GEN.ASM 301 : Found opcode in column 1. (return)
Warning[207] J:\KICAD_LEARN\CODE\SIG_GEN\MPLAB PROJECT\SIG_GEN.ASM 320 : Found label after column 1. (set_1)
Warning[207] J:\KICAD_LEARN\CODE\SIG_GEN\MPLAB PROJECT\SIG_GEN.ASM 342 : Found label after column 1. (set_2)
Warning[207] J:\KICAD_LEARN\CODE\SIG_GEN\MPLAB PROJECT\SIG_GEN.ASM 363 : Found label after column 1. (set_0)
Warning[207] J:\KICAD_LEARN\CODE\SIG_GEN\MPLAB PROJECT\SIG_GEN.ASM 385 : Found label after column 1. (set_ok)
Message[302] J:\KICAD_LEARN\CODE\SIG_GEN\MPLAB PROJECT\SIG_GEN.ASM 389 : Register in operand not in bank 0.  Ensure that bank bits are correct.
Message[302] J:\KICAD_LEARN\CODE\SIG_GEN\MPLAB PROJECT\SIG_GEN.ASM 391 : Register in operand not in bank 0.  Ensure that bank bits are correct.
Warning[203] J:\KICAD_LEARN\CODE\SIG_GEN\MPLAB PROJECT\SIG_GEN.ASM 395 : Found opcode in column 1. (return)
Warning[203] J:\KICAD_LEARN\CODE\SIG_GEN\MPLAB PROJECT\SIG_GEN.ASM 413 : Found opcode in column 1. (return)
Warning[203] J:\KICAD_LEARN\CODE\SIG_GEN\MPLAB PROJECT\SIG_GEN.ASM 433 : Found opcode in column 1. (return)
Warning[203] J:\KICAD_LEARN\CODE\SIG_GEN\MPLAB PROJECT\SIG_GEN.ASM 453 : Found opcode in column 1. (return)
Warning[209] J:\KICAD_LEARN\CODE\SIG_GEN\MPLAB PROJECT\SIG_GEN.ASM 462 : Missing quote
Message[302] J:\KICAD_LEARN\CODE\SIG_GEN\MPLAB PROJECT\SIG_GEN.ASM 463 : Register in operand not in bank 0.  Ensure that bank bits are correct.
Message[302] J:\KICAD_LEARN\CODE\SIG_GEN\MPLAB PROJECT\SIG_GEN.ASM 467 : Register in operand not in bank 0.  Ensure that bank bits are correct.
Warning[209] J:\KICAD_LEARN\CODE\SIG_GEN\MPLAB PROJECT\SIG_GEN.ASM 468 : Missing quote
Message[302] J:\KICAD_LEARN\CODE\SIG_GEN\MPLAB PROJECT\SIG_GEN.ASM 469 : Register in operand not in bank 0.  Ensure that bank bits are correct.
Warning[207] J:\KICAD_LEARN\CODE\SIG_GEN\MPLAB PROJECT\SIG_GEN.ASM 471 : Found label after column 1. (volt_max)
Message[302] J:\KICAD_LEARN\CODE\SIG_GEN\MPLAB PROJECT\SIG_GEN.ASM 472 : Register in operand not in bank 0.  Ensure that bank bits are correct.
Message[302] J:\KICAD_LEARN\CODE\SIG_GEN\MPLAB PROJECT\SIG_GEN.ASM 475 : Register in operand not in bank 0.  Ensure that bank bits are correct.
Message[302] J:\KICAD_LEARN\CODE\SIG_GEN\MPLAB PROJECT\SIG_GEN.ASM 476 : Register in operand not in bank 0.  Ensure that bank bits are correct.
Message[302] J:\KICAD_LEARN\CODE\SIG_GEN\MPLAB PROJECT\SIG_GEN.ASM 477 : Register in operand not in bank 0.  Ensure that bank bits are correct.
Message[302] J:\KICAD_LEARN\CODE\SIG_GEN\MPLAB PROJECT\SIG_GEN.ASM 478 : Register in operand not in bank 0.  Ensure that bank bits are correct.
Message[302] J:\KICAD_LEARN\CODE\SIG_GEN\MPLAB PROJECT\SIG_GEN.ASM 479 : Register in operand not in bank 0.  Ensure that bank bits are correct.
Message[302] J:\KICAD_LEARN\CODE\SIG_GEN\MPLAB PROJECT\SIG_GEN.ASM 480 : Register in operand not in bank 0.  Ensure that bank bits are correct.
Message[302] J:\KICAD_LEARN\CODE\SIG_GEN\MPLAB PROJECT\SIG_GEN.ASM 505 : Register in operand not in bank 0.  Ensure that bank bits are correct.
Message[302] J:\KICAD_LEARN\CODE\SIG_GEN\MPLAB PROJECT\SIG_GEN.ASM 506 : Register in operand not in bank 0.  Ensure that bank bits are correct.
Message[302] J:\KICAD_LEARN\CODE\SIG_GEN\MPLAB PROJECT\SIG_GEN.ASM 508 : Register in operand not in bank 0.  Ensure that bank bits are correct.
Message[302] J:\KICAD_LEARN\CODE\SIG_GEN\MPLAB PROJECT\SIG_GEN.ASM 515 : Register in operand not in bank 0.  Ensure that bank bits are correct.
Message[302] J:\KICAD_LEARN\CODE\SIG_GEN\MPLAB PROJECT\SIG_GEN.ASM 517 : Register in operand not in bank 0.  Ensure that bank bits are correct.
Warning[203] J:\KICAD_LEARN\CODE\SIG_GEN\MPLAB PROJECT\SIG_GEN.ASM 521 : Found opcode in column 1. (return)
Warning[209] J:\KICAD_LEARN\CODE\SIG_GEN\MPLAB PROJECT\SIG_GEN.ASM 529 : Missing quote
Message[302] J:\KICAD_LEARN\CODE\SIG_GEN\MPLAB PROJECT\SIG_GEN.ASM 530 : Register in operand not in bank 0.  Ensure that bank bits are correct.
Message[302] J:\KICAD_LEARN\CODE\SIG_GEN\MPLAB PROJECT\SIG_GEN.ASM 533 : Register in operand not in bank 0.  Ensure that bank bits are correct.
Warning[209] J:\KICAD_LEARN\CODE\SIG_GEN\MPLAB PROJECT\SIG_GEN.ASM 534 : Missing quote
Message[302] J:\KICAD_LEARN\CODE\SIG_GEN\MPLAB PROJECT\SIG_GEN.ASM 535 : Register in operand not in bank 0.  Ensure that bank bits are correct.
Warning[207] J:\KICAD_LEARN\CODE\SIG_GEN\MPLAB PROJECT\SIG_GEN.ASM 537 : Found label after column 1. (volt_min)
Message[302] J:\KICAD_LEARN\CODE\SIG_GEN\MPLAB PROJECT\SIG_GEN.ASM 538 : Register in operand not in bank 0.  Ensure that bank bits are correct.
Message[302] J:\KICAD_LEARN\CODE\SIG_GEN\MPLAB PROJECT\SIG_GEN.ASM 541 : Register in operand not in bank 0.  Ensure that bank bits are correct.
Message[302] J:\KICAD_LEARN\CODE\SIG_GEN\MPLAB PROJECT\SIG_GEN.ASM 542 : Register in operand not in bank 0.  Ensure that bank bits are correct.
Message[302] J:\KICAD_LEARN\CODE\SIG_GEN\MPLAB PROJECT\SIG_GEN.ASM 543 : Register in operand not in bank 0.  Ensure that bank bits are correct.
Message[302] J:\KICAD_LEARN\CODE\SIG_GEN\MPLAB PROJECT\SIG_GEN.ASM 544 : Register in operand not in bank 0.  Ensure that bank bits are correct.
Message[302] J:\KICAD_LEARN\CODE\SIG_GEN\MPLAB PROJECT\SIG_GEN.ASM 545 : Register in operand not in bank 0.  Ensure that bank bits are correct.
Message[302] J:\KICAD_LEARN\CODE\SIG_GEN\MPLAB PROJECT\SIG_GEN.ASM 546 : Register in operand not in bank 0.  Ensure that bank bits are correct.
Message[302] J:\KICAD_LEARN\CODE\SIG_GEN\MPLAB PROJECT\SIG_GEN.ASM 572 : Register in operand not in bank 0.  Ensure that bank bits are correct.
Message[302] J:\KICAD_LEARN\CODE\SIG_GEN\MPLAB PROJECT\SIG_GEN.ASM 573 : Register in operand not in bank 0.  Ensure that bank bits are correct.
Message[302] J:\KICAD_LEARN\CODE\SIG_GEN\MPLAB PROJECT\SIG_GEN.ASM 575 : Register in operand not in bank 0.  Ensure that bank bits are correct.
Message[302] J:\KICAD_LEARN\CODE\SIG_GEN\MPLAB PROJECT\SIG_GEN.ASM 582 : Register in operand not in bank 0.  Ensure that bank bits are correct.
Message[302] J:\KICAD_LEARN\CODE\SIG_GEN\MPLAB PROJECT\SIG_GEN.ASM 584 : Register in operand not in bank 0.  Ensure that bank bits are correct.
Warning[203] J:\KICAD_LEARN\CODE\SIG_GEN\MPLAB PROJECT\SIG_GEN.ASM 587 : Found opcode in column 1. (return)
Message[305] J:\KICAD_LEARN\CODE\SIG_GEN\MPLAB PROJECT\SIG_GEN.ASM 598 : Using default destination of 1 (file).
Message[302] J:\KICAD_LEARN\CODE\SIG_GEN\MPLAB PROJECT\SIG_GEN.ASM 691 : Register in operand not in bank 0.  Ensure that bank bits are correct.
Message[302] J:\KICAD_LEARN\CODE\SIG_GEN\MPLAB PROJECT\SIG_GEN.ASM 693 : Register in operand not in bank 0.  Ensure that bank bits are correct.
Warning[203] J:\KICAD_LEARN\CODE\SIG_GEN\MPLAB PROJECT\SIG_GEN.ASM 697 : Found opcode in column 1. (return)
Message[305] J:\KICAD_LEARN\CODE\SIG_GEN\MPLAB PROJECT\SIG_GEN.ASM 707 : Using default destination of 1 (file).
Warning[203] J:\KICAD_LEARN\CODE\SIG_GEN\MPLAB PROJECT\SIG_GEN.ASM 709 : Found opcode in column 1. (return)
Message[302] J:\KICAD_LEARN\CODE\SIG_GEN\MPLAB PROJECT\SIG_GEN.ASM 717 : Register in operand not in bank 0.  Ensure that bank bits are correct.
Message[302] J:\KICAD_LEARN\CODE\SIG_GEN\MPLAB PROJECT\SIG_GEN.ASM 719 : Register in operand not in bank 0.  Ensure that bank bits are correct.
Message[302] J:\KICAD_LEARN\CODE\SIG_GEN\MPLAB PROJECT\SIG_GEN.ASM 721 : Register in operand not in bank 0.  Ensure that bank bits are correct.
Message[302] J:\KICAD_LEARN\CODE\SIG_GEN\MPLAB PROJECT\SIG_GEN.ASM 722 : Register in operand not in bank 0.  Ensure that bank bits are correct.
Message[302] J:\KICAD_LEARN\CODE\SIG_GEN\MPLAB PROJECT\SIG_GEN.ASM 723 : Register in operand not in bank 0.  Ensure that bank bits are correct.
Message[302] J:\KICAD_LEARN\CODE\SIG_GEN\MPLAB PROJECT\SIG_GEN.ASM 725 : Register in operand not in bank 0.  Ensure that bank bits are correct.
Warning[207] J:\KICAD_LEARN\CODE\SIG_GEN\MPLAB PROJECT\SIG_GEN.ASM 734 : Found label after column 1. (loop0)
Message[305] J:\KICAD_LEARN\CODE\SIG_GEN\MPLAB PROJECT\SIG_GEN.ASM 735 : Using default destination of 1 (file).
Warning[203] J:\KICAD_LEARN\CODE\SIG_GEN\MPLAB PROJECT\SIG_GEN.ASM 737 : Found opcode in column 1. (return)
Warning[207] J:\KICAD_LEARN\CODE\SIG_GEN\MPLAB PROJECT\SIG_GEN.ASM 749 : Found label after column 1. (loop0x)
Warning[207] J:\KICAD_LEARN\CODE\SIG_GEN\MPLAB PROJECT\SIG_GEN.ASM 750 : Found label after column 1. (loop11x)
Message[305] J:\KICAD_LEARN\CODE\SIG_GEN\MPLAB PROJECT\SIG_GEN.ASM 751 : Using default destination of 1 (file).
Message[305] J:\KICAD_LEARN\CODE\SIG_GEN\MPLAB PROJECT\SIG_GEN.ASM 753 : Using default destination of 1 (file).
Warning[203] J:\KICAD_LEARN\CODE\SIG_GEN\MPLAB PROJECT\SIG_GEN.ASM 756 : Found opcode in column 1. (return)
Message[305] J:\KICAD_LEARN\CODE\SIG_GEN\MPLAB PROJECT\SIG_GEN.ASM 771 : Using default destination of 1 (file).
Warning[203] J:\KICAD_LEARN\CODE\SIG_GEN\MPLAB PROJECT\SIG_GEN.ASM 772 : Found opcode in column 1. (goto)
Warning[203] J:\KICAD_LEARN\CODE\SIG_GEN\MPLAB PROJECT\SIG_GEN.ASM 775 : Found opcode in column 1. (return)
Warning[207] J:\KICAD_LEARN\CODE\SIG_GEN\MPLAB PROJECT\SIG_GEN.ASM 783 : Found label after column 1. (loop3)
Message[305] J:\KICAD_LEARN\CODE\SIG_GEN\MPLAB PROJECT\SIG_GEN.ASM 785 : Using default destination of 1 (file).
Warning[203] J:\KICAD_LEARN\CODE\SIG_GEN\MPLAB PROJECT\SIG_GEN.ASM 788 : Found opcode in column 1. (call)
Warning[203] J:\KICAD_LEARN\CODE\SIG_GEN\MPLAB PROJECT\SIG_GEN.ASM 789 : Found opcode in column 1. (return)
Warning[205] J:\KICAD_LEARN\CODE\SIG_GEN\MPLAB PROJECT\SIG_GEN.ASM 951 : Found directive in column 1. (org)
Warning[205] J:\KICAD_LEARN\CODE\SIG_GEN\MPLAB PROJECT\SIG_GEN.ASM 959 : Found directive in column 1. (org)
Warning[205] J:\KICAD_LEARN\CODE\SIG_GEN\MPLAB PROJECT\SIG_GEN.ASM 967 : Found directive in column 1. (org)
Warning[205] J:\KICAD_LEARN\CODE\SIG_GEN\MPLAB PROJECT\SIG_GEN.ASM 975 : Found directive in column 1. (org)
Warning[205] J:\KICAD_LEARN\CODE\SIG_GEN\MPLAB PROJECT\SIG_GEN.ASM 983 : Found directive in column 1. (org)
Warning[205] J:\KICAD_LEARN\CODE\SIG_GEN\MPLAB PROJECT\SIG_GEN.ASM 991 : Found directive in column 1. (org)
Warning[205] J:\KICAD_LEARN\CODE\SIG_GEN\MPLAB PROJECT\SIG_GEN.ASM 999 : Found directive in column 1. (org)
Warning[205] J:\KICAD_LEARN\CODE\SIG_GEN\MPLAB PROJECT\SIG_GEN.ASM 1007 : Found directive in column 1. (org)
Warning[205] J:\KICAD_LEARN\CODE\SIG_GEN\MPLAB PROJECT\SIG_GEN.ASM 1015 : Found directive in column 1. (org)
Warning[205] J:\KICAD_LEARN\CODE\SIG_GEN\MPLAB PROJECT\SIG_GEN.ASM 1023 : Found directive in column 1. (org)
Warning[205] J:\KICAD_LEARN\CODE\SIG_GEN\MPLAB PROJECT\SIG_GEN.ASM 1282 : Found directive in column 1. (org)
Warning[205] J:\KICAD_LEARN\CODE\SIG_GEN\MPLAB PROJECT\SIG_GEN.ASM 1540 : Found directive in column 1. (org)
Warning[205] J:\KICAD_LEARN\CODE\SIG_GEN\MPLAB PROJECT\SIG_GEN.ASM 1547 : Found directive in column 1. (end)
